<?xml version="1.0" encoding="UTF-8"?>
<!-- Generated by org.testng.reporters.JUnitReportReporter -->
<testsuite hostname="LAPTOP-5LC4GE84" failures="0" tests="2" name="com.crm.qa.testcases.LoginPageTest" time="98.194" errors="0" timestamp="2023-07-29T22:22:24 IST" skipped="0">
  <testcase classname="com.crm.qa.testcases.LoginPageTest" name="loginPageTitleTest" time="54.235"/>
  <system-out/>
  <testcase classname="com.crm.qa.testcases.LoginPageTest" name="loginTest" time="43.959"/>
  <system-out/>
</testsuite> <!-- com.crm.qa.testcases.LoginPageTest -->
