<?xml version="1.0" encoding="UTF-8"?>
<!-- Generated by org.testng.reporters.JUnitReportReporter -->
<testsuite hostname="LAPTOP-5LC4GE84" failures="0" tests="2" name="com.crm.qa.testcases.LoginPageTest" time="47.723" errors="0" timestamp="2023-06-19T00:25:37 IST" skipped="0">
  <testcase classname="com.crm.qa.testcases.LoginPageTest" name="loginPageTitleTest" time="14.734"/>
  <system-out/>
  <testcase classname="com.crm.qa.testcases.LoginPageTest" name="loginTest" time="32.989"/>
  <system-out/>
</testsuite> <!-- com.crm.qa.testcases.LoginPageTest -->
