<?xml version="1.0" encoding="UTF-8"?>
<!-- Generated by org.testng.reporters.JUnitReportReporter -->
<testsuite hostname="LAPTOP-5LC4GE84" failures="0" tests="2" name="com.crm.qa.testcases.HomePageTest" time="42.723" errors="0" timestamp="2023-07-29T22:23:48 IST" skipped="0">
  <testcase classname="com.crm.qa.testcases.HomePageTest" name="verifyHomePageTtitleTest" time="16.841"/>
  <system-out/>
  <testcase classname="com.crm.qa.testcases.HomePageTest" name="verifyUserNameTest" time="25.882"/>
  <system-out/>
</testsuite> <!-- com.crm.qa.testcases.HomePageTest -->
