<?xml version="1.0" encoding="UTF-8"?>
<!-- Generated by org.testng.reporters.JUnitReportReporter -->
<testsuite hostname="LAPTOP-5LC4GE84" failures="0" tests="2" name="com.crm.qa.testcases.HomePageTest" time="32.923" errors="0" timestamp="2023-06-19T00:25:37 IST" skipped="0">
  <testcase classname="com.crm.qa.testcases.HomePageTest" name="verifyHomePageTtitleTest" time="15.165"/>
  <system-out/>
  <testcase classname="com.crm.qa.testcases.HomePageTest" name="verifyUserNameTest" time="17.758"/>
  <system-out/>
</testsuite> <!-- com.crm.qa.testcases.HomePageTest -->
